<?xml version="1.0" encoding="UTF-8"?>
<testng-results skipped="1" failed="1" total="3" passed="1">
  <reporter-output>
    <line>
      <![CDATA[Contact created successfully==pass]]>
    </line>
  </reporter-output>
  <suite name="Default suite" duration-ms="128854" started-at="2018-03-02T12:52:07Z" finished-at="2018-03-02T12:54:16Z">
    <groups>
      <group name="regressiontest">
        <method signature="CreateContactTest.createContactWithOrganisationTest()[pri:3, instance:crm.Crm.ContactTest.CreateContactTest@5e5792a0]" name="createContactWithOrganisationTest" class="crm.Crm.ContactTest.CreateContactTest"/>
        <method signature="CreateContactTest.createContactwithimageTest()[pri:2, instance:crm.Crm.ContactTest.CreateContactTest@5e5792a0]" name="createContactwithimageTest" class="crm.Crm.ContactTest.CreateContactTest"/>
      </group> <!-- regressiontest -->
      <group name="smoketest">
        <method signature="CreateContactTest.createContact()[pri:1, instance:crm.Crm.ContactTest.CreateContactTest@5e5792a0]" name="createContact" class="crm.Crm.ContactTest.CreateContactTest"/>
      </group> <!-- smoketest -->
    </groups>
    <test name="Default test" duration-ms="128854" started-at="2018-03-02T12:52:07Z" finished-at="2018-03-02T12:54:16Z">
      <class name="crm.Crm.ContactTest.CreateContactTest">
        <test-method status="PASS" signature="configLunchBrowser()[pri:0, instance:crm.Crm.ContactTest.CreateContactTest@5e5792a0]" name="configLunchBrowser" is-config="true" duration-ms="7445" started-at="2018-03-02T18:22:07Z" finished-at="2018-03-02T18:22:14Z">
          <reporter-output>
          </reporter-output>
        </test-method> <!-- configLunchBrowser -->
        <test-method status="PASS" signature="configLogin()[pri:0, instance:crm.Crm.ContactTest.CreateContactTest@5e5792a0]" name="configLogin" is-config="true" duration-ms="5869" started-at="2018-03-02T18:22:14Z" finished-at="2018-03-02T18:22:20Z">
          <reporter-output>
          </reporter-output>
        </test-method> <!-- configLogin -->
        <test-method status="PASS" signature="createContact()[pri:1, instance:crm.Crm.ContactTest.CreateContactTest@5e5792a0]" name="createContact" duration-ms="16382" started-at="2018-03-02T18:22:20Z" finished-at="2018-03-02T18:22:37Z">
          <reporter-output>
            <line>
              <![CDATA[Contact created successfully==pass]]>
            </line>
          </reporter-output>
        </test-method> <!-- createContact -->
        <test-method status="PASS" signature="configLogout()[pri:0, instance:crm.Crm.ContactTest.CreateContactTest@5e5792a0]" name="configLogout" is-config="true" duration-ms="4324" started-at="2018-03-02T18:22:37Z" finished-at="2018-03-02T18:22:41Z">
          <reporter-output>
          </reporter-output>
        </test-method> <!-- configLogout -->
        <test-method status="PASS" signature="configLogin()[pri:0, instance:crm.Crm.ContactTest.CreateContactTest@5e5792a0]" name="configLogin" is-config="true" duration-ms="4753" started-at="2018-03-02T18:22:41Z" finished-at="2018-03-02T18:22:46Z">
          <reporter-output>
          </reporter-output>
        </test-method> <!-- configLogin -->
        <test-method status="FAIL" signature="createContactwithimageTest()[pri:2, instance:crm.Crm.ContactTest.CreateContactTest@5e5792a0]" name="createContactwithimageTest" duration-ms="53165" started-at="2018-03-02T18:22:46Z" finished-at="2018-03-02T18:23:39Z">
          <exception class="org.openqa.selenium.NoSuchElementException">
            <message>
              <![CDATA[Unable to locate element: {"method":"id","selector":"mouseArea_Last Name"}
Command duration or timeout: 30.09 seconds
For documentation on this error, please visit: http://seleniumhq.org/exceptions/no_such_element.html
Build info: version: '2.53.1', revision: 'a36b8b1', time: '2016-06-30 17:32:46'
System info: host: 'Swati-PC', ip: '192.168.164.1', os.name: 'Windows 7', os.arch: 'amd64', os.version: '6.1', java.version: '1.8.0_121'
Driver info: org.openqa.selenium.firefox.FirefoxDriver
Capabilities [{applicationCacheEnabled=true, rotatable=false, handlesAlerts=true, databaseEnabled=true, version=45.0, platform=WINDOWS, nativeEvents=false, acceptSslCerts=true, webStorageEnabled=true, locationContextEnabled=true, browserName=firefox, takesScreenshot=true, javascriptEnabled=true, cssSelectorsEnabled=true}]
Session ID: 36b48102-028a-4fe6-8314-2649bb0d89ac
*** Element info: {Using=id, value=mouseArea_Last Name}]]>
            </message>
            <full-stacktrace>
              <![CDATA[org.openqa.selenium.NoSuchElementException: Unable to locate element: {"method":"id","selector":"mouseArea_Last Name"}
Command duration or timeout: 30.09 seconds
For documentation on this error, please visit: http://seleniumhq.org/exceptions/no_such_element.html
Build info: version: '2.53.1', revision: 'a36b8b1', time: '2016-06-30 17:32:46'
System info: host: 'Swati-PC', ip: '192.168.164.1', os.name: 'Windows 7', os.arch: 'amd64', os.version: '6.1', java.version: '1.8.0_121'
Driver info: org.openqa.selenium.firefox.FirefoxDriver
Capabilities [{applicationCacheEnabled=true, rotatable=false, handlesAlerts=true, databaseEnabled=true, version=45.0, platform=WINDOWS, nativeEvents=false, acceptSslCerts=true, webStorageEnabled=true, locationContextEnabled=true, browserName=firefox, takesScreenshot=true, javascriptEnabled=true, cssSelectorsEnabled=true}]
Session ID: 36b48102-028a-4fe6-8314-2649bb0d89ac
*** Element info: {Using=id, value=mouseArea_Last Name}
	at sun.reflect.NativeConstructorAccessorImpl.newInstance0(Native Method)
	at sun.reflect.NativeConstructorAccessorImpl.newInstance(Unknown Source)
	at sun.reflect.DelegatingConstructorAccessorImpl.newInstance(Unknown Source)
	at java.lang.reflect.Constructor.newInstance(Unknown Source)
	at org.openqa.selenium.remote.ErrorHandler.createThrowable(ErrorHandler.java:206)
	at org.openqa.selenium.remote.ErrorHandler.throwIfResponseFailed(ErrorHandler.java:158)
	at org.openqa.selenium.remote.RemoteWebDriver.execute(RemoteWebDriver.java:678)
	at org.openqa.selenium.remote.RemoteWebDriver.findElement(RemoteWebDriver.java:363)
	at org.openqa.selenium.remote.RemoteWebDriver.findElementById(RemoteWebDriver.java:413)
	at org.openqa.selenium.By$ById.findElement(By.java:218)
	at org.openqa.selenium.remote.RemoteWebDriver.findElement(RemoteWebDriver.java:355)
	at org.openqa.selenium.support.pagefactory.DefaultElementLocator.findElement(DefaultElementLocator.java:69)
	at org.openqa.selenium.support.pagefactory.internal.LocatingElementHandler.invoke(LocatingElementHandler.java:38)
	at com.sun.proxy.$Proxy10.getText(Unknown Source)
	at crm.Crm.ContactTest.CreateContactTest.createContactwithimageTest(CreateContactTest.java:79)
	at sun.reflect.NativeMethodAccessorImpl.invoke0(Native Method)
	at sun.reflect.NativeMethodAccessorImpl.invoke(Unknown Source)
	at sun.reflect.DelegatingMethodAccessorImpl.invoke(Unknown Source)
	at java.lang.reflect.Method.invoke(Unknown Source)
	at org.testng.internal.MethodInvocationHelper.invokeMethod(MethodInvocationHelper.java:85)
	at org.testng.internal.Invoker.invokeMethod(Invoker.java:639)
	at org.testng.internal.Invoker.invokeTestMethod(Invoker.java:816)
	at org.testng.internal.Invoker.invokeTestMethods(Invoker.java:1124)
	at org.testng.internal.TestMethodWorker.invokeTestMethods(TestMethodWorker.java:125)
	at org.testng.internal.TestMethodWorker.run(TestMethodWorker.java:108)
	at org.testng.TestRunner.privateRun(TestRunner.java:774)
	at org.testng.TestRunner.run(TestRunner.java:624)
	at org.testng.SuiteRunner.runTest(SuiteRunner.java:359)
	at org.testng.SuiteRunner.runSequentially(SuiteRunner.java:354)
	at org.testng.SuiteRunner.privateRun(SuiteRunner.java:312)
	at org.testng.SuiteRunner.run(SuiteRunner.java:261)
	at org.testng.SuiteRunnerWorker.runSuite(SuiteRunnerWorker.java:52)
	at org.testng.SuiteRunnerWorker.run(SuiteRunnerWorker.java:86)
	at org.testng.TestNG.runSuitesSequentially(TestNG.java:1215)
	at org.testng.TestNG.runSuitesLocally(TestNG.java:1140)
	at org.testng.TestNG.run(TestNG.java:1048)
	at org.testng.remote.AbstractRemoteTestNG.run(AbstractRemoteTestNG.java:114)
	at org.testng.remote.RemoteTestNG.initAndRun(RemoteTestNG.java:251)
	at org.testng.remote.RemoteTestNG.main(RemoteTestNG.java:77)
Caused by: org.openqa.selenium.NoSuchElementException: Unable to locate element: {"method":"id","selector":"mouseArea_Last Name"}
For documentation on this error, please visit: http://seleniumhq.org/exceptions/no_such_element.html
Build info: version: '2.53.1', revision: 'a36b8b1', time: '2016-06-30 17:32:46'
System info: host: 'Swati-PC', ip: '192.168.164.1', os.name: 'Windows 7', os.arch: 'amd64', os.version: '6.1', java.version: '1.8.0_121'
Driver info: driver.version: unknown
	at <anonymous class>.FirefoxDriver.prototype.findElementInternal_(file:///C:/Users/D7768~1.SHA/AppData/Local/Temp/anonymous6119105972511186216webdriver-profile/extensions/fxdriver@googlecode.com/components/driver-component.js:10770)
	at <anonymous class>.fxdriver.Timer.prototype.setTimeout/<.notify(file:///C:/Users/D7768~1.SHA/AppData/Local/Temp/anonymous6119105972511186216webdriver-profile/extensions/fxdriver@googlecode.com/components/driver-component.js:625)
]]>
            </full-stacktrace>
          </exception> <!-- org.openqa.selenium.NoSuchElementException -->
          <reporter-output>
          </reporter-output>
        </test-method> <!-- createContactwithimageTest -->
        <test-method status="PASS" signature="configLogout()[pri:0, instance:crm.Crm.ContactTest.CreateContactTest@5e5792a0]" name="configLogout" is-config="true" duration-ms="4306" started-at="2018-03-02T18:23:39Z" finished-at="2018-03-02T18:23:43Z">
          <reporter-output>
          </reporter-output>
        </test-method> <!-- configLogout -->
        <test-method status="FAIL" signature="configLogin()[pri:0, instance:crm.Crm.ContactTest.CreateContactTest@5e5792a0]" name="configLogin" is-config="true" duration-ms="0" started-at="2018-03-02T18:23:43Z" finished-at="2018-03-02T18:23:43Z">
          <exception class="org.openqa.selenium.NoSuchElementException">
            <message>
              <![CDATA[Unable to locate element: {"method":"name","selector":"user_name"}
Command duration or timeout: 30.14 seconds
For documentation on this error, please visit: http://seleniumhq.org/exceptions/no_such_element.html
Build info: version: '2.53.1', revision: 'a36b8b1', time: '2016-06-30 17:32:46'
System info: host: 'Swati-PC', ip: '192.168.164.1', os.name: 'Windows 7', os.arch: 'amd64', os.version: '6.1', java.version: '1.8.0_121'
Driver info: org.openqa.selenium.firefox.FirefoxDriver
Capabilities [{applicationCacheEnabled=true, rotatable=false, handlesAlerts=true, databaseEnabled=true, version=45.0, platform=WINDOWS, nativeEvents=false, acceptSslCerts=true, webStorageEnabled=true, locationContextEnabled=true, browserName=firefox, takesScreenshot=true, javascriptEnabled=true, cssSelectorsEnabled=true}]
Session ID: 36b48102-028a-4fe6-8314-2649bb0d89ac
*** Element info: {Using=name, value=user_name}]]>
            </message>
            <full-stacktrace>
              <![CDATA[org.openqa.selenium.NoSuchElementException: Unable to locate element: {"method":"name","selector":"user_name"}
Command duration or timeout: 30.14 seconds
For documentation on this error, please visit: http://seleniumhq.org/exceptions/no_such_element.html
Build info: version: '2.53.1', revision: 'a36b8b1', time: '2016-06-30 17:32:46'
System info: host: 'Swati-PC', ip: '192.168.164.1', os.name: 'Windows 7', os.arch: 'amd64', os.version: '6.1', java.version: '1.8.0_121'
Driver info: org.openqa.selenium.firefox.FirefoxDriver
Capabilities [{applicationCacheEnabled=true, rotatable=false, handlesAlerts=true, databaseEnabled=true, version=45.0, platform=WINDOWS, nativeEvents=false, acceptSslCerts=true, webStorageEnabled=true, locationContextEnabled=true, browserName=firefox, takesScreenshot=true, javascriptEnabled=true, cssSelectorsEnabled=true}]
Session ID: 36b48102-028a-4fe6-8314-2649bb0d89ac
*** Element info: {Using=name, value=user_name}
	at sun.reflect.NativeConstructorAccessorImpl.newInstance0(Native Method)
	at sun.reflect.NativeConstructorAccessorImpl.newInstance(Unknown Source)
	at sun.reflect.DelegatingConstructorAccessorImpl.newInstance(Unknown Source)
	at java.lang.reflect.Constructor.newInstance(Unknown Source)
	at org.openqa.selenium.remote.ErrorHandler.createThrowable(ErrorHandler.java:206)
	at org.openqa.selenium.remote.ErrorHandler.throwIfResponseFailed(ErrorHandler.java:158)
	at org.openqa.selenium.remote.RemoteWebDriver.execute(RemoteWebDriver.java:678)
	at org.openqa.selenium.remote.RemoteWebDriver.findElement(RemoteWebDriver.java:363)
	at org.openqa.selenium.remote.RemoteWebDriver.findElementByName(RemoteWebDriver.java:461)
	at org.openqa.selenium.By$ByName.findElement(By.java:303)
	at org.openqa.selenium.remote.RemoteWebDriver.findElement(RemoteWebDriver.java:355)
	at org.openqa.selenium.support.pagefactory.DefaultElementLocator.findElement(DefaultElementLocator.java:69)
	at org.openqa.selenium.support.pagefactory.internal.LocatingElementHandler.invoke(LocatingElementHandler.java:38)
	at com.sun.proxy.$Proxy10.sendKeys(Unknown Source)
	at com.crm.objectrepositoryLib.LogIn.logIn(LogIn.java:12)
	at com.Com.GenericLib.BaseClass.configLogin(BaseClass.java:67)
	at sun.reflect.NativeMethodAccessorImpl.invoke0(Native Method)
	at sun.reflect.NativeMethodAccessorImpl.invoke(Unknown Source)
	at sun.reflect.DelegatingMethodAccessorImpl.invoke(Unknown Source)
	at java.lang.reflect.Method.invoke(Unknown Source)
	at org.testng.internal.MethodInvocationHelper.invokeMethod(MethodInvocationHelper.java:85)
	at org.testng.internal.Invoker.invokeConfigurationMethod(Invoker.java:510)
	at org.testng.internal.Invoker.invokeConfigurations(Invoker.java:211)
	at org.testng.internal.Invoker.invokeMethod(Invoker.java:585)
	at org.testng.internal.Invoker.invokeTestMethod(Invoker.java:816)
	at org.testng.internal.Invoker.invokeTestMethods(Invoker.java:1124)
	at org.testng.internal.TestMethodWorker.invokeTestMethods(TestMethodWorker.java:125)
	at org.testng.internal.TestMethodWorker.run(TestMethodWorker.java:108)
	at org.testng.TestRunner.privateRun(TestRunner.java:774)
	at org.testng.TestRunner.run(TestRunner.java:624)
	at org.testng.SuiteRunner.runTest(SuiteRunner.java:359)
	at org.testng.SuiteRunner.runSequentially(SuiteRunner.java:354)
	at org.testng.SuiteRunner.privateRun(SuiteRunner.java:312)
	at org.testng.SuiteRunner.run(SuiteRunner.java:261)
	at org.testng.SuiteRunnerWorker.runSuite(SuiteRunnerWorker.java:52)
	at org.testng.SuiteRunnerWorker.run(SuiteRunnerWorker.java:86)
	at org.testng.TestNG.runSuitesSequentially(TestNG.java:1215)
	at org.testng.TestNG.runSuitesLocally(TestNG.java:1140)
	at org.testng.TestNG.run(TestNG.java:1048)
	at org.testng.remote.AbstractRemoteTestNG.run(AbstractRemoteTestNG.java:114)
	at org.testng.remote.RemoteTestNG.initAndRun(RemoteTestNG.java:251)
	at org.testng.remote.RemoteTestNG.main(RemoteTestNG.java:77)
Caused by: org.openqa.selenium.NoSuchElementException: Unable to locate element: {"method":"name","selector":"user_name"}
For documentation on this error, please visit: http://seleniumhq.org/exceptions/no_such_element.html
Build info: version: '2.53.1', revision: 'a36b8b1', time: '2016-06-30 17:32:46'
System info: host: 'Swati-PC', ip: '192.168.164.1', os.name: 'Windows 7', os.arch: 'amd64', os.version: '6.1', java.version: '1.8.0_121'
Driver info: driver.version: unknown
	at <anonymous class>.FirefoxDriver.prototype.findElementInternal_(file:///C:/Users/D7768~1.SHA/AppData/Local/Temp/anonymous6119105972511186216webdriver-profile/extensions/fxdriver@googlecode.com/components/driver-component.js:10770)
	at <anonymous class>.fxdriver.Timer.prototype.setTimeout/<.notify(file:///C:/Users/D7768~1.SHA/AppData/Local/Temp/anonymous6119105972511186216webdriver-profile/extensions/fxdriver@googlecode.com/components/driver-component.js:625)
]]>
            </full-stacktrace>
          </exception> <!-- org.openqa.selenium.NoSuchElementException -->
          <reporter-output>
          </reporter-output>
        </test-method> <!-- configLogin -->
        <test-method status="SKIP" signature="createContactWithOrganisationTest()[pri:3, instance:crm.Crm.ContactTest.CreateContactTest@5e5792a0]" name="createContactWithOrganisationTest" duration-ms="0" started-at="2018-03-02T18:24:16Z" finished-at="2018-03-02T18:24:16Z">
          <reporter-output>
          </reporter-output>
        </test-method> <!-- createContactWithOrganisationTest -->
        <test-method status="SKIP" signature="configLogout()[pri:0, instance:crm.Crm.ContactTest.CreateContactTest@5e5792a0]" name="configLogout" is-config="true" duration-ms="0" started-at="2018-03-02T18:24:16Z" finished-at="2018-03-02T18:24:16Z">
          <reporter-output>
          </reporter-output>
        </test-method> <!-- configLogout -->
        <test-method status="SKIP" signature="configBrowserClose()[pri:0, instance:crm.Crm.ContactTest.CreateContactTest@5e5792a0]" name="configBrowserClose" is-config="true" duration-ms="0" started-at="2018-03-02T18:24:16Z" finished-at="2018-03-02T18:24:16Z">
          <reporter-output>
          </reporter-output>
        </test-method> <!-- configBrowserClose -->
      </class> <!-- crm.Crm.ContactTest.CreateContactTest -->
    </test> <!-- Default test -->
  </suite> <!-- Default suite -->
</testng-results>
